{
  "RSpec": {
    "coverage": {
      "/home/fedetaglia/Documents/ga/projects/getPantry/app/controllers/recipes_controller.rb": [
        1,
        1,
        null,
        null,
        null,
        1,
        1,
        null,
        null,
        null,
        null,
        1,
        0,
        0,
        0,
        0,
        0,
        0,
        0,
        0,
        null,
        0,
        0,
        0,
        0,
        null,
        0,
        null,
        null,
        null,
        null,
        1,
        0,
        0,
        0,
        0,
        0,
        0,
        0,
        0,
        null,
        0,
        null,
        0,
        0,
        null,
        0,
        0,
        0,
        0,
        0,
        0,
        0,
        0,
        0,
        0,
        0,
        null,
        0,
        0,
        0,
        0,
        null,
        null,
        null,
        null,
        null,
        0,
        0,
        0,
        0,
        0,
        null,
        null,
        null,
        null,
        null,
        null,
        0,
        0,
        0,
        null,
        0,
        null,
        null,
        null,
        null,
        1,
        null,
        null,
        null,
        null,
        1,
        1,
        null,
        null,
        null,
        1,
        null,
        null,
        null,
        null,
        1,
        5,
        null,
        5,
        5,
        6,
        3,
        null,
        4,
        2,
        null,
        null,
        null,
        null,
        null,
        null,
        1,
        5,
        5,
        4,
        2,
        null,
        6,
        3,
        null,
        null,
        null,
        null,
        null,
        null,
        1,
        2,
        2,
        4,
        2,
        null,
        null,
        null,
        1,
        null,
        1,
        9,
        null,
        null,
        null,
        1,
        10,
        null,
        null
      ],
      "/home/fedetaglia/Documents/ga/projects/getPantry/app/controllers/application_controller.rb": [
        1,
        null,
        null,
        1,
        1,
        null,
        null,
        1,
        null,
        1,
        0,
        0,
        null,
        null,
        null,
        null,
        null
      ],
      "/home/fedetaglia/Documents/ga/projects/getPantry/app/controllers/shopping_lists_controller.rb": [
        1,
        1,
        null,
        null,
        null,
        1,
        1,
        null,
        null,
        null,
        null,
        1,
        1,
        1,
        1,
        null,
        null,
        null,
        1,
        1,
        1,
        1,
        null,
        null,
        null,
        1,
        null,
        null,
        null,
        null,
        1,
        5,
        5,
        null,
        5,
        5,
        6,
        3,
        null,
        4,
        2,
        null,
        null,
        null,
        null,
        null,
        null,
        1,
        5,
        5,
        4,
        2,
        null,
        6,
        3,
        null,
        null,
        null,
        null,
        null,
        null,
        1,
        2,
        2,
        4,
        2,
        null,
        null,
        null,
        1,
        null,
        1,
        9,
        null,
        null,
        null,
        1,
        10,
        null,
        null
      ],
      "/home/fedetaglia/Documents/ga/projects/getPantry/app/models/ingredient_fetch.rb": [
        1,
        null,
        1,
        4,
        4,
        4,
        null,
        null,
        4,
        null,
        null,
        1,
        4,
        4,
        1,
        null,
        3,
        3,
        null,
        null,
        null,
        1,
        2,
        2,
        2,
        null,
        2,
        null,
        null,
        null,
        null
      ],
      "/home/fedetaglia/Documents/ga/projects/getPantry/app/models/recipe_fetch.rb": [
        1,
        1,
        null,
        1,
        3,
        3,
        null,
        3,
        null,
        null,
        null,
        null,
        null,
        null,
        null,
        1,
        3,
        3,
        null,
        null,
        1,
        4,
        3,
        3,
        3,
        3,
        null,
        null,
        1,
        5,
        4,
        4,
        4,
        2,
        2,
        null,
        2,
        null,
        null,
        1,
        6,
        6,
        6,
        6,
        2,
        2,
        null,
        null,
        4,
        null,
        6,
        null,
        null,
        1,
        4,
        84,
        null,
        null,
        null,
        null,
        1,
        6,
        null,
        null,
        1,
        null,
        4,
        4,
        1,
        null,
        3,
        null,
        4,
        2,
        2,
        2,
        null,
        2,
        2,
        null,
        4,
        null,
        null,
        1,
        8,
        3,
        null,
        5,
        null,
        null,
        null,
        1,
        5,
        2,
        2,
        2,
        1,
        null,
        1,
        null,
        null,
        3,
        3,
        2,
        null,
        3,
        3,
        3,
        3,
        3,
        null,
        null,
        null
      ],
      "/home/fedetaglia/Documents/ga/projects/getPantry/app/models/recipe.rb": [
        1,
        1,
        1,
        1,
        null,
        null
      ],
      "/home/fedetaglia/Documents/ga/projects/getPantry/app/models/search.rb": [
        1,
        null,
        null,
        1,
        0,
        0,
        0,
        0,
        0,
        0,
        null,
        0,
        null,
        0,
        null,
        null,
        null,
        null,
        1,
        0,
        0,
        0,
        0,
        0,
        0,
        0,
        null,
        null,
        null,
        null
      ],
      "/home/fedetaglia/Documents/ga/projects/getPantry/app/models/shopping_list_fetch.rb": [
        1,
        null,
        1,
        4,
        4,
        8,
        8,
        8,
        8,
        4,
        3,
        3,
        3,
        3,
        2,
        2,
        null,
        null,
        3,
        1,
        null,
        null,
        3,
        null,
        null,
        8,
        5,
        5,
        5,
        null,
        null,
        5,
        null,
        null,
        4,
        null,
        null
      ],
      "/home/fedetaglia/Documents/ga/projects/getPantry/app/models/shopping_list.rb": [
        1,
        1,
        null,
        1,
        1,
        1,
        null,
        null
      ]
    },
    "timestamp": 1395909874
  }
}
